{"D:\\Ejercicios_web_design\\React\\codigo-juan\\rest_api_node_ts_server\\src\\router.ts": {"path":"D:\\Ejercicios_web_design\\React\\codigo-juan\\rest_api_node_ts_server\\src\\router.ts","statementMap":{"0":{"start":{"line":1,"column":0},"end":{"line":1,"column":52}},"1":{"start":{"line":2,"column":0},"end":{"line":2,"column":48}},"2":{"start":{"line":3,"column":0},"end":{"line":3,"column":null}},"3":{"start":{"line":11,"column":0},"end":{"line":11,"column":49}},"4":{"start":{"line":13,"column":23},"end":{"line":13,"column":31}},"5":{"start":{"line":15,"column":0},"end":{"line":15,"column":29}},"6":{"start":{"line":16,"column":0},"end":{"line":23,"column":2}},"7":{"start":{"line":25,"column":0},"end":{"line":40,"column":2}},"8":{"start":{"line":36,"column":21},"end":{"line":36,"column":30}},"9":{"start":{"line":42,"column":0},"end":{"line":60,"column":2}},"10":{"start":{"line":54,"column":21},"end":{"line":54,"column":30}},"11":{"start":{"line":62,"column":0},"end":{"line":71,"column":17}},"12":{"start":{"line":73,"column":0},"end":{"line":78,"column":15}},"13":{"start":{"line":80,"column":0},"end":{"line":80,"column":22}}},"fnMap":{"0":{"name":"(anonymous_0)","decl":{"start":{"line":36,"column":12},"end":{"line":36,"column":17}},"loc":{"start":{"line":36,"column":21},"end":{"line":36,"column":30}}},"1":{"name":"(anonymous_1)","decl":{"start":{"line":54,"column":12},"end":{"line":54,"column":17}},"loc":{"start":{"line":54,"column":21},"end":{"line":54,"column":30}}}},"branchMap":{},"s":{"0":1,"1":1,"2":1,"3":1,"4":1,"5":1,"6":1,"7":1,"8":4,"9":1,"10":5,"11":1,"12":1,"13":1},"f":{"0":4,"1":5},"b":{}}
,"D:\\Ejercicios_web_design\\React\\codigo-juan\\rest_api_node_ts_server\\src\\server.ts": {"path":"D:\\Ejercicios_web_design\\React\\codigo-juan\\rest_api_node_ts_server\\src\\server.ts","statementMap":{"0":{"start":{"line":1,"column":0},"end":{"line":1,"column":43}},"1":{"start":{"line":2,"column":0},"end":{"line":2,"column":28}},"2":{"start":{"line":3,"column":0},"end":{"line":3,"column":29}},"3":{"start":{"line":4,"column":0},"end":{"line":4,"column":30}},"4":{"start":{"line":8,"column":25},"end":{"line":17,"column":1}},"5":{"start":{"line":9,"column":2},"end":{"line":16,"column":3}},"6":{"start":{"line":10,"column":4},"end":{"line":10,"column":28}},"7":{"start":{"line":11,"column":4},"end":{"line":11,"column":14}},"8":{"start":{"line":15,"column":4},"end":{"line":15,"column":73}},"9":{"start":{"line":8,"column":13},"end":{"line":8,"column":25}},"10":{"start":{"line":19,"column":0},"end":{"line":19,"column":12}},"11":{"start":{"line":23,"column":24},"end":{"line":23,"column":33}},"12":{"start":{"line":27,"column":0},"end":{"line":27,"column":27}},"13":{"start":{"line":30,"column":0},"end":{"line":30,"column":36}},"14":{"start":{"line":32,"column":0},"end":{"line":35,"column":3}},"15":{"start":{"line":33,"column":2},"end":{"line":34,"column":28}},"16":{"start":{"line":37,"column":0},"end":{"line":37,"column":22}}},"fnMap":{"0":{"name":"(anonymous_1)","decl":{"start":{"line":8,"column":25},"end":{"line":8,"column":30}},"loc":{"start":{"line":8,"column":36},"end":{"line":17,"column":1}}},"1":{"name":"(anonymous_2)","decl":{"start":{"line":32,"column":19},"end":{"line":32,"column":20}},"loc":{"start":{"line":32,"column":32},"end":{"line":35,"column":1}}}},"branchMap":{},"s":{"0":1,"1":1,"2":1,"3":1,"4":1,"5":1,"6":1,"7":1,"8":0,"9":1,"10":1,"11":1,"12":1,"13":1,"14":1,"15":0,"16":1},"f":{"0":1,"1":0},"b":{}}
,"D:\\Ejercicios_web_design\\React\\codigo-juan\\rest_api_node_ts_server\\src\\config\\db.ts": {"path":"D:\\Ejercicios_web_design\\React\\codigo-juan\\rest_api_node_ts_server\\src\\config\\db.ts","statementMap":{"0":{"start":{"line":1,"column":0},"end":{"line":1,"column":49}},"1":{"start":{"line":3,"column":0},"end":{"line":3,"column":36}},"2":{"start":{"line":5,"column":11},"end":{"line":8,"column":2}},"3":{"start":{"line":10,"column":0},"end":{"line":10,"column":18}}},"fnMap":{},"branchMap":{},"s":{"0":1,"1":1,"2":1,"3":1},"f":{},"b":{}}
,"D:\\Ejercicios_web_design\\React\\codigo-juan\\rest_api_node_ts_server\\src\\handlers\\product.ts": {"path":"D:\\Ejercicios_web_design\\React\\codigo-juan\\rest_api_node_ts_server\\src\\handlers\\product.ts","statementMap":{"0":{"start":{"line":2,"column":0},"end":{"line":2,"column":47}},"1":{"start":{"line":4,"column":27},"end":{"line":14,"column":1}},"2":{"start":{"line":5,"column":2},"end":{"line":13,"column":3}},"3":{"start":{"line":6,"column":21},"end":{"line":9,"column":6}},"4":{"start":{"line":10,"column":4},"end":{"line":10,"column":33}},"5":{"start":{"line":12,"column":4},"end":{"line":12,"column":23}},"6":{"start":{"line":4,"column":13},"end":{"line":4,"column":27}},"7":{"start":{"line":16,"column":30},"end":{"line":25,"column":1}},"8":{"start":{"line":17,"column":2},"end":{"line":24,"column":3}},"9":{"start":{"line":18,"column":19},"end":{"line":18,"column":29}},"10":{"start":{"line":19,"column":20},"end":{"line":19,"column":46}},"11":{"start":{"line":20,"column":4},"end":{"line":20,"column":78}},"12":{"start":{"line":20,"column":18},"end":{"line":20,"column":78}},"13":{"start":{"line":21,"column":4},"end":{"line":21,"column":32}},"14":{"start":{"line":23,"column":4},"end":{"line":23,"column":23}},"15":{"start":{"line":16,"column":13},"end":{"line":16,"column":30}},"16":{"start":{"line":27,"column":29},"end":{"line":34,"column":1}},"17":{"start":{"line":28,"column":2},"end":{"line":33,"column":3}},"18":{"start":{"line":29,"column":20},"end":{"line":29,"column":50}},"19":{"start":{"line":30,"column":4},"end":{"line":30,"column":44}},"20":{"start":{"line":32,"column":4},"end":{"line":32,"column":23}},"21":{"start":{"line":27,"column":13},"end":{"line":27,"column":29}},"22":{"start":{"line":36,"column":29},"end":{"line":49,"column":1}},"23":{"start":{"line":37,"column":17},"end":{"line":37,"column":27}},"24":{"start":{"line":38,"column":18},"end":{"line":38,"column":44}},"25":{"start":{"line":40,"column":2},"end":{"line":40,"column":76}},"26":{"start":{"line":40,"column":16},"end":{"line":40,"column":76}},"27":{"start":{"line":44,"column":0},"end":{"line":44,"column":31}},"28":{"start":{"line":45,"column":0},"end":{"line":45,"column":21}},"29":{"start":{"line":48,"column":2},"end":{"line":48,"column":30}},"30":{"start":{"line":36,"column":13},"end":{"line":36,"column":29}},"31":{"start":{"line":52,"column":31},"end":{"line":65,"column":1}},"32":{"start":{"line":53,"column":17},"end":{"line":53,"column":27}},"33":{"start":{"line":54,"column":18},"end":{"line":54,"column":44}},"34":{"start":{"line":56,"column":2},"end":{"line":56,"column":76}},"35":{"start":{"line":56,"column":16},"end":{"line":56,"column":76}},"36":{"start":{"line":60,"column":1},"end":{"line":60,"column":49}},"37":{"start":{"line":61,"column":0},"end":{"line":61,"column":21}},"38":{"start":{"line":64,"column":2},"end":{"line":64,"column":30}},"39":{"start":{"line":52,"column":13},"end":{"line":52,"column":31}},"40":{"start":{"line":68,"column":29},"end":{"line":74,"column":1}},"41":{"start":{"line":69,"column":17},"end":{"line":69,"column":27}},"42":{"start":{"line":70,"column":18},"end":{"line":70,"column":44}},"43":{"start":{"line":71,"column":2},"end":{"line":71,"column":76}},"44":{"start":{"line":71,"column":16},"end":{"line":71,"column":76}},"45":{"start":{"line":72,"column":2},"end":{"line":72,"column":26}},"46":{"start":{"line":73,"column":2},"end":{"line":73,"column":40}},"47":{"start":{"line":68,"column":13},"end":{"line":68,"column":29}}},"fnMap":{"0":{"name":"(anonymous_1)","decl":{"start":{"line":4,"column":27},"end":{"line":4,"column":32}},"loc":{"start":{"line":4,"column":65},"end":{"line":14,"column":1}}},"1":{"name":"(anonymous_2)","decl":{"start":{"line":16,"column":30},"end":{"line":16,"column":35}},"loc":{"start":{"line":16,"column":68},"end":{"line":25,"column":1}}},"2":{"name":"(anonymous_3)","decl":{"start":{"line":27,"column":29},"end":{"line":27,"column":34}},"loc":{"start":{"line":27,"column":67},"end":{"line":34,"column":1}}},"3":{"name":"(anonymous_4)","decl":{"start":{"line":36,"column":29},"end":{"line":36,"column":34}},"loc":{"start":{"line":36,"column":67},"end":{"line":49,"column":1}}},"4":{"name":"(anonymous_5)","decl":{"start":{"line":52,"column":31},"end":{"line":52,"column":36}},"loc":{"start":{"line":52,"column":69},"end":{"line":65,"column":1}}},"5":{"name":"(anonymous_6)","decl":{"start":{"line":68,"column":29},"end":{"line":68,"column":34}},"loc":{"start":{"line":68,"column":67},"end":{"line":74,"column":1}}}},"branchMap":{"0":{"loc":{"start":{"line":20,"column":4},"end":{"line":20,"column":78}},"type":"if","locations":[{"start":{"line":20,"column":4},"end":{"line":20,"column":78}}]},"1":{"loc":{"start":{"line":40,"column":2},"end":{"line":40,"column":76}},"type":"if","locations":[{"start":{"line":40,"column":2},"end":{"line":40,"column":76}}]},"2":{"loc":{"start":{"line":56,"column":2},"end":{"line":56,"column":76}},"type":"if","locations":[{"start":{"line":56,"column":2},"end":{"line":56,"column":76}}]},"3":{"loc":{"start":{"line":71,"column":2},"end":{"line":71,"column":76}},"type":"if","locations":[{"start":{"line":71,"column":2},"end":{"line":71,"column":76}}]}},"s":{"0":1,"1":1,"2":2,"3":2,"4":2,"5":0,"6":1,"7":1,"8":2,"9":2,"10":2,"11":2,"12":1,"13":1,"14":0,"15":1,"16":1,"17":1,"18":1,"19":1,"20":0,"21":1,"22":1,"23":0,"24":0,"25":0,"26":0,"27":0,"28":0,"29":0,"30":1,"31":1,"32":2,"33":2,"34":2,"35":1,"36":1,"37":1,"38":1,"39":1,"40":1,"41":2,"42":2,"43":2,"44":1,"45":1,"46":1,"47":1},"f":{"0":2,"1":2,"2":1,"3":0,"4":2,"5":2},"b":{"0":[1],"1":[0],"2":[1],"3":[1]}}
,"D:\\Ejercicios_web_design\\React\\codigo-juan\\rest_api_node_ts_server\\src\\middleware\\index.ts": {"path":"D:\\Ejercicios_web_design\\React\\codigo-juan\\rest_api_node_ts_server\\src\\middleware\\index.ts","statementMap":{"0":{"start":{"line":2,"column":0},"end":{"line":2,"column":53}},"1":{"start":{"line":4,"column":33},"end":{"line":14,"column":1}},"2":{"start":{"line":9,"column":15},"end":{"line":9,"column":36}},"3":{"start":{"line":10,"column":2},"end":{"line":12,"column":3}},"4":{"start":{"line":11,"column":4},"end":{"line":11,"column":60}},"5":{"start":{"line":13,"column":2},"end":{"line":13,"column":9}},"6":{"start":{"line":4,"column":13},"end":{"line":4,"column":33}}},"fnMap":{"0":{"name":"(anonymous_0)","decl":{"start":{"line":4,"column":33},"end":{"line":4,"column":null}},"loc":{"start":{"line":8,"column":4},"end":{"line":14,"column":1}}}},"branchMap":{"0":{"loc":{"start":{"line":10,"column":2},"end":{"line":12,"column":3}},"type":"if","locations":[{"start":{"line":10,"column":2},"end":{"line":12,"column":3}}]}},"s":{"0":1,"1":1,"2":17,"3":17,"4":10,"5":7,"6":1},"f":{"0":17},"b":{"0":[10]}}
,"D:\\Ejercicios_web_design\\React\\codigo-juan\\rest_api_node_ts_server\\src\\models\\Products.model.ts": {"path":"D:\\Ejercicios_web_design\\React\\codigo-juan\\rest_api_node_ts_server\\src\\models\\Products.model.ts","statementMap":{"0":{"start":{"line":1,"column":0},"end":{"line":1,"column":79}},"1":{"start":{"line":6,"column":0},"end":{"line":20,"column":null}},"2":{"start":{"line":10,"column":9},"end":{"line":10,"column":null}},"3":{"start":{"line":14,"column":10},"end":{"line":14,"column":null}},"4":{"start":{"line":19,"column":10},"end":{"line":19,"column":null}},"5":{"start":{"line":6,"column":6},"end":{"line":20,"column":null}},"6":{"start":{"line":22,"column":0},"end":{"line":22,"column":23}}},"fnMap":{},"branchMap":{},"s":{"0":1,"1":1,"2":1,"3":1,"4":1,"5":1,"6":1},"f":{},"b":{}}
}
