TN:
SF:src\router.ts
FN:36,(anonymous_0)
FN:54,(anonymous_1)
FNF:2
FNH:2
FNDA:4,(anonymous_0)
FNDA:5,(anonymous_1)
DA:1,1
DA:2,1
DA:3,1
DA:11,1
DA:13,1
DA:15,1
DA:16,1
DA:25,1
DA:36,4
DA:42,1
DA:54,5
DA:62,1
DA:73,1
DA:80,1
LF:14
LH:14
BRF:0
BRH:0
end_of_record
TN:
SF:src\server.ts
FN:8,(anonymous_1)
FN:32,(anonymous_2)
FNF:2
FNH:1
FNDA:1,(anonymous_1)
FNDA:0,(anonymous_2)
DA:1,1
DA:2,1
DA:3,1
DA:4,1
DA:8,1
DA:9,1
DA:10,1
DA:11,1
DA:15,0
DA:19,1
DA:23,1
DA:27,1
DA:30,1
DA:32,1
DA:33,0
DA:37,1
LF:16
LH:14
BRF:0
BRH:0
end_of_record
TN:
SF:src\config\db.ts
FNF:0
FNH:0
DA:1,1
DA:3,1
DA:5,1
DA:10,1
LF:4
LH:4
BRF:0
BRH:0
end_of_record
TN:
SF:src\handlers\product.ts
FN:4,(anonymous_1)
FN:16,(anonymous_2)
FN:27,(anonymous_3)
FN:36,(anonymous_4)
FN:52,(anonymous_5)
FN:68,(anonymous_6)
FNF:6
FNH:5
FNDA:2,(anonymous_1)
FNDA:2,(anonymous_2)
FNDA:1,(anonymous_3)
FNDA:0,(anonymous_4)
FNDA:2,(anonymous_5)
FNDA:2,(anonymous_6)
DA:2,1
DA:4,1
DA:5,2
DA:6,2
DA:10,2
DA:12,0
DA:16,1
DA:17,2
DA:18,2
DA:19,2
DA:20,2
DA:21,1
DA:23,0
DA:27,1
DA:28,1
DA:29,1
DA:30,1
DA:32,0
DA:36,1
DA:37,0
DA:38,0
DA:40,0
DA:44,0
DA:45,0
DA:48,0
DA:52,1
DA:53,2
DA:54,2
DA:56,2
DA:60,1
DA:61,1
DA:64,1
DA:68,1
DA:69,2
DA:70,2
DA:71,2
DA:72,1
DA:73,1
LF:38
LH:29
BRDA:20,0,0,1
BRDA:40,1,0,0
BRDA:56,2,0,1
BRDA:71,3,0,1
BRF:4
BRH:3
end_of_record
TN:
SF:src\middleware\index.ts
FN:4,(anonymous_0)
FNF:1
FNH:1
FNDA:17,(anonymous_0)
DA:2,1
DA:4,1
DA:9,17
DA:10,17
DA:11,10
DA:13,7
LF:6
LH:6
BRDA:10,0,0,10
BRF:1
BRH:1
end_of_record
TN:
SF:src\models\Products.model.ts
FNF:0
FNH:0
DA:1,1
DA:6,1
DA:10,1
DA:14,1
DA:19,1
DA:22,1
LF:6
LH:6
BRF:0
BRH:0
end_of_record
